Using pre-set license

 COMMAND LINE ARGUMENTS:
/Users/maclabguest/Desktop/Game Design/2020.3.7f1/Unity.app/Contents/MacOS/Unity
-adb2
-batchMode
-noUpm
-name
AssetImportWorker0
-projectPath
/Users/maclabguest/Documents/GitHub/Untitled/Final project GD2
-logFile
Logs/AssetImportWorker0.log
-srvPort
51727
Successfully changed project path to: /Users/maclabguest/Documents/GitHub/Untitled/Final project GD2
/Users/maclabguest/Documents/GitHub/Untitled/Final project GD2
Using Asset Import Pipeline V2.
Refreshing native plugins compatible for Editor in 34.76 ms, found 1 plugins.
Preloading 0 native plugins for Editor in 0.00 ms.
Initialize engine version: 2020.3.7f1 (dd97f2c94397)
[Subsystems] Discovering subsystems at path /Users/maclabguest/Desktop/Game Design/2020.3.7f1/Unity.app/Contents/Resources/UnitySubsystems
[Subsystems] Discovering subsystems at path /Users/maclabguest/Documents/GitHub/Untitled/Final project GD2/Assets
GfxDevice: creating device client; threaded=0
2022-04-20 14:34:55.379 Unity[62737:5682590] Color LCD preferred device: Intel(R) Iris(TM) Graphics 6100 (low power)
2022-04-20 14:34:55.379 Unity[62737:5682590] Metal devices available: 1
2022-04-20 14:34:55.379 Unity[62737:5682590] 0: Intel(R) Iris(TM) Graphics 6100 (low power)
2022-04-20 14:34:55.380 Unity[62737:5682590] Using device Intel(R) Iris(TM) Graphics 6100 (low power)
Initializing Metal device caps: Intel(R) Iris(TM) Graphics 6100
Initialize mono
Mono path[0] = '/Users/maclabguest/Desktop/Game Design/2020.3.7f1/Unity.app/Contents/Managed'
Mono path[1] = '/Users/maclabguest/Desktop/Game Design/2020.3.7f1/Unity.app/Contents/MonoBleedingEdge/lib/mono/unityjit'
Mono config path = '/Users/maclabguest/Desktop/Game Design/2020.3.7f1/Unity.app/Contents/MonoBleedingEdge/etc'
Using monoOptions --debugger-agent=transport=dt_socket,embedding=1,server=y,suspend=n,address=127.0.0.1:56737
Begin MonoManager ReloadAssembly
Registering precompiled unity dll's ...
Register platform support module: /Users/maclabguest/Desktop/Game Design/2020.3.7f1/Unity.app/Contents/PlaybackEngines/MacStandaloneSupport/UnityEditor.OSXStandalone.Extensions.dll
Registered in 0.000461 seconds.
Native extension for OSXStandalone target not found
Refreshing native plugins compatible for Editor in 31.66 ms, found 1 plugins.
Preloading 0 native plugins for Editor in 0.00 ms.
Mono: successfully reloaded assembly
- Completed reload, in  2.040 seconds
Platform modules already initialized, skipping
Registering precompiled user dll's ...
Registered in 0.000710 seconds.
Begin MonoManager ReloadAssembly
Native extension for OSXStandalone target not found
Refreshing native plugins compatible for Editor in 0.26 ms, found 1 plugins.
Preloading 0 native plugins for Editor in 0.00 ms.
Mono: successfully reloaded assembly
- Completed reload, in  1.212 seconds
Platform modules already initialized, skipping
========================================================================
Worker process is ready to serve import requests
Launching external process: /Users/maclabguest/Desktop/Game Design/2020.3.7f1/Unity.app/Contents/Tools/UnityShaderCompiler
Launched and connected shader compiler UnityShaderCompiler after 0.02 seconds
Refreshing native plugins compatible for Editor in 0.24 ms, found 1 plugins.
Preloading 0 native plugins for Editor in 0.00 ms.
Unloading 1142 Unused Serialized files (Serialized files now loaded: 0)
System memory in use before: 115.8 MB.
System memory in use after: 115.8 MB.

Unloading 9 unused Assets to reduce memory usage. Loaded Objects now: 1590.
Total: 2.714546 ms (FindLiveObjects: 0.385385 ms CreateObjectMapping: 0.103073 ms MarkObjects: 2.122231 ms  DeleteObjects: 0.101538 ms)

========================================================================
Received Import Request.
  path: Assets/Scenes/Level One.unity
  artifactKey: Guid(e4ef5172e14e949ee869aeb89c7ae353) Importer(815301076,1909f56bfc062723c751e8b465ee728b)
Start importing Assets/Scenes/Level One.unity using Guid(e4ef5172e14e949ee869aeb89c7ae353) Importer(815301076,1909f56bfc062723c751e8b465ee728b)  -> (artifact id: 'c2a7b9f36a94def3d83948f1e9fb8926') in 0.012024 seconds
  Import took 0.014392 seconds .

