Using pre-set license

 COMMAND LINE ARGUMENTS:
/Users/maclabguest/Desktop/Game Design/Unity/2020.3.7f1/Unity.app/Contents/MacOS/Unity
-adb2
-batchMode
-noUpm
-name
AssetImportWorker0
-projectPath
/Users/maclabguest/Documents/GitHub/Group-Project-GD2/Final project GD2
-logFile
Logs/AssetImportWorker0.log
-srvPort
57779
Successfully changed project path to: /Users/maclabguest/Documents/GitHub/Group-Project-GD2/Final project GD2
/Users/maclabguest/Documents/GitHub/Group-Project-GD2/Final project GD2
Using Asset Import Pipeline V2.
Refreshing native plugins compatible for Editor in 107.66 ms, found 1 plugins.
Preloading 0 native plugins for Editor in 0.00 ms.
Initialize engine version: 2020.3.7f1 (dd97f2c94397)
[Subsystems] Discovering subsystems at path /Users/maclabguest/Desktop/Game Design/Unity/2020.3.7f1/Unity.app/Contents/Resources/UnitySubsystems
[Subsystems] Discovering subsystems at path /Users/maclabguest/Documents/GitHub/Group-Project-GD2/Final project GD2/Assets
GfxDevice: creating device client; threaded=0
2022-03-01 14:48:19.067 Unity[35464:4375875] Color LCD preferred device: Intel(R) Iris(TM) Graphics 6100 (low power)
2022-03-01 14:48:19.067 Unity[35464:4375875] Metal devices available: 1
2022-03-01 14:48:19.067 Unity[35464:4375875] 0: Intel(R) Iris(TM) Graphics 6100 (low power)
2022-03-01 14:48:19.068 Unity[35464:4375875] Using device Intel(R) Iris(TM) Graphics 6100 (low power)
Initializing Metal device caps: Intel(R) Iris(TM) Graphics 6100
Initialize mono
Mono path[0] = '/Users/maclabguest/Desktop/Game Design/Unity/2020.3.7f1/Unity.app/Contents/Managed'
Mono path[1] = '/Users/maclabguest/Desktop/Game Design/Unity/2020.3.7f1/Unity.app/Contents/MonoBleedingEdge/lib/mono/unityjit'
Mono config path = '/Users/maclabguest/Desktop/Game Design/Unity/2020.3.7f1/Unity.app/Contents/MonoBleedingEdge/etc'
Using monoOptions --debugger-agent=transport=dt_socket,embedding=1,server=y,suspend=n,address=127.0.0.1:56464
Begin MonoManager ReloadAssembly
Registering precompiled unity dll's ...
Register platform support module: /Users/maclabguest/Desktop/Game Design/Unity/2020.3.7f1/Unity.app/Contents/PlaybackEngines/MacStandaloneSupport/UnityEditor.OSXStandalone.Extensions.dll
Registered in 0.000582 seconds.
Native extension for OSXStandalone target not found
Refreshing native plugins compatible for Editor in 173.21 ms, found 1 plugins.
Preloading 0 native plugins for Editor in 0.00 ms.
Mono: successfully reloaded assembly
- Completed reload, in  8.466 seconds
Platform modules already initialized, skipping
Registering precompiled user dll's ...
Registered in 0.000714 seconds.
Begin MonoManager ReloadAssembly
Native extension for OSXStandalone target not found
Refreshing native plugins compatible for Editor in 0.74 ms, found 1 plugins.
Preloading 0 native plugins for Editor in 0.00 ms.
Mono: successfully reloaded assembly
- Completed reload, in  5.852 seconds
Platform modules already initialized, skipping
========================================================================
Worker process is ready to serve import requests
Launching external process: /Users/maclabguest/Desktop/Game Design/Unity/2020.3.7f1/Unity.app/Contents/Tools/UnityShaderCompiler
Launched and connected shader compiler UnityShaderCompiler after 0.02 seconds
Refreshing native plugins compatible for Editor in 0.23 ms, found 1 plugins.
Preloading 0 native plugins for Editor in 0.00 ms.
Unloading 1116 Unused Serialized files (Serialized files now loaded: 0)
System memory in use before: 109.8 MB.
System memory in use after: 109.9 MB.

Unloading 9 unused Assets to reduce memory usage. Loaded Objects now: 1559.
Total: 3.272365 ms (FindLiveObjects: 0.265131 ms CreateObjectMapping: 0.038489 ms MarkObjects: 2.880042 ms  DeleteObjects: 0.085853 ms)

========================================================================
Received Import Request.
  path: Assets/Final GD2.unity
  artifactKey: Guid(431f79179612642fab7015b0dd3ebca9) Importer(815301076,1909f56bfc062723c751e8b465ee728b)
Start importing Assets/Final GD2.unity using Guid(431f79179612642fab7015b0dd3ebca9) Importer(815301076,1909f56bfc062723c751e8b465ee728b)  -> (artifact id: 'e0a9e817b253cd29c11397d89bdd28e9') in 0.040187 seconds
  Import took 0.042754 seconds .

========================================================================
Received Import Request.
  Time since last request: 76.780491 seconds.
  path: Assets/Scenes/Main.unity
  artifactKey: Guid(e4ef5172e14e949ee869aeb89c7ae353) Importer(815301076,1909f56bfc062723c751e8b465ee728b)
Start importing Assets/Scenes/Main.unity using Guid(e4ef5172e14e949ee869aeb89c7ae353) Importer(815301076,1909f56bfc062723c751e8b465ee728b)  -> (artifact id: 'b65fa5a6c991070b530124848538b52f') in 0.003192 seconds
  Import took 0.011532 seconds .

========================================================================
Received Import Request.
  Time since last request: 0.005273 seconds.
  path: Assets/Scenes/Main.unity
  artifactKey: Guid(e4ef5172e14e949ee869aeb89c7ae353) Importer(815301076,1909f56bfc062723c751e8b465ee728b)
Start importing Assets/Scenes/Main.unity using Guid(e4ef5172e14e949ee869aeb89c7ae353) Importer(815301076,1909f56bfc062723c751e8b465ee728b)  -> (artifact id: 'b65fa5a6c991070b530124848538b52f') in 0.002317 seconds
  Import took 0.012033 seconds .

