Using pre-set license

 COMMAND LINE ARGUMENTS:
/Users/maclabguest/Desktop/Game Design/2020.3.7f1/Unity.app/Contents/MacOS/Unity
-adb2
-batchMode
-noUpm
-name
AssetImportWorker1
-projectPath
/Users/maclabguest/Documents/GitHub/Untitled/Final project GD2
-logFile
Logs/AssetImportWorker1.log
-srvPort
51948
Successfully changed project path to: /Users/maclabguest/Documents/GitHub/Untitled/Final project GD2
/Users/maclabguest/Documents/GitHub/Untitled/Final project GD2
Using Asset Import Pipeline V2.
Refreshing native plugins compatible for Editor in 30.76 ms, found 1 plugins.
Preloading 0 native plugins for Editor in 0.00 ms.
Initialize engine version: 2020.3.7f1 (dd97f2c94397)
[Subsystems] Discovering subsystems at path /Users/maclabguest/Desktop/Game Design/2020.3.7f1/Unity.app/Contents/Resources/UnitySubsystems
[Subsystems] Discovering subsystems at path /Users/maclabguest/Documents/GitHub/Untitled/Final project GD2/Assets
GfxDevice: creating device client; threaded=0
2022-03-15 14:19:21.774 Unity[48209:1549998] Color LCD preferred device: Intel(R) Iris(TM) Graphics 6100 (low power)
2022-03-15 14:19:21.774 Unity[48209:1549998] Metal devices available: 1
2022-03-15 14:19:21.774 Unity[48209:1549998] 0: Intel(R) Iris(TM) Graphics 6100 (low power)
2022-03-15 14:19:21.775 Unity[48209:1549998] Using device Intel(R) Iris(TM) Graphics 6100 (low power)
Initializing Metal device caps: Intel(R) Iris(TM) Graphics 6100
Initialize mono
Mono path[0] = '/Users/maclabguest/Desktop/Game Design/2020.3.7f1/Unity.app/Contents/Managed'
Mono path[1] = '/Users/maclabguest/Desktop/Game Design/2020.3.7f1/Unity.app/Contents/MonoBleedingEdge/lib/mono/unityjit'
Mono config path = '/Users/maclabguest/Desktop/Game Design/2020.3.7f1/Unity.app/Contents/MonoBleedingEdge/etc'
Using monoOptions --debugger-agent=transport=dt_socket,embedding=1,server=y,suspend=n,address=127.0.0.1:56209
Begin MonoManager ReloadAssembly
Registering precompiled unity dll's ...
Register platform support module: /Users/maclabguest/Desktop/Game Design/2020.3.7f1/Unity.app/Contents/PlaybackEngines/MacStandaloneSupport/UnityEditor.OSXStandalone.Extensions.dll
Registered in 0.002621 seconds.
Native extension for OSXStandalone target not found
Refreshing native plugins compatible for Editor in 29.68 ms, found 1 plugins.
Preloading 0 native plugins for Editor in 0.00 ms.
Mono: successfully reloaded assembly
- Completed reload, in  2.846 seconds
Platform modules already initialized, skipping
Registering precompiled user dll's ...
Registered in 0.000839 seconds.
Begin MonoManager ReloadAssembly
Native extension for OSXStandalone target not found
Refreshing native plugins compatible for Editor in 0.23 ms, found 1 plugins.
Preloading 0 native plugins for Editor in 0.00 ms.
Mono: successfully reloaded assembly
- Completed reload, in  1.355 seconds
Platform modules already initialized, skipping
========================================================================
Worker process is ready to serve import requests
Launching external process: /Users/maclabguest/Desktop/Game Design/2020.3.7f1/Unity.app/Contents/Tools/UnityShaderCompiler
Launched and connected shader compiler UnityShaderCompiler after 0.11 seconds
Refreshing native plugins compatible for Editor in 0.22 ms, found 1 plugins.
Preloading 0 native plugins for Editor in 0.00 ms.
Unloading 1119 Unused Serialized files (Serialized files now loaded: 0)
System memory in use before: 110.9 MB.
System memory in use after: 111.0 MB.

Unloading 9 unused Assets to reduce memory usage. Loaded Objects now: 1563.
Total: 3.367716 ms (FindLiveObjects: 0.405461 ms CreateObjectMapping: 0.117483 ms MarkObjects: 2.753485 ms  DeleteObjects: 0.089541 ms)

========================================================================
Received Import Request.
  path: Assets/Super mario coin.fbx
  artifactKey: Guid(deb69a0bed0ce4f67b986a64225b0aeb) Importer(815301076,1909f56bfc062723c751e8b465ee728b)
Start importing Assets/Super mario coin.fbx using Guid(deb69a0bed0ce4f67b986a64225b0aeb) Importer(815301076,1909f56bfc062723c751e8b465ee728b)  -> (artifact id: 'b07d19680502e852c8c00c3f457d649e') in 0.731998 seconds
  Import took 0.734896 seconds .

========================================================================
Received Import Request.
  Time since last request: 443.102800 seconds.
  path: Assets/Scripts/TileController.cs
  artifactKey: Guid(cfe2f48d8056a4c84820fbe0d97c0009) Importer(815301076,1909f56bfc062723c751e8b465ee728b)
Start importing Assets/Scripts/TileController.cs using Guid(cfe2f48d8056a4c84820fbe0d97c0009) Importer(815301076,1909f56bfc062723c751e8b465ee728b)  -> (artifact id: '6ea66928318da47fe4f43e3a854562c8') in 0.375258 seconds
  Import took 0.377854 seconds .

========================================================================
Received Prepare
Registering precompiled user dll's ...
Registered in 0.000617 seconds.
Begin MonoManager ReloadAssembly
Native extension for OSXStandalone target not found
Refreshing native plugins compatible for Editor in 0.25 ms, found 1 plugins.
Preloading 0 native plugins for Editor in 0.00 ms.
Mono: successfully reloaded assembly
- Completed reload, in  1.722 seconds
Platform modules already initialized, skipping
Refreshing native plugins compatible for Editor in 0.38 ms, found 1 plugins.
Preloading 0 native plugins for Editor in 0.00 ms.
Unloading 1114 Unused Serialized files (Serialized files now loaded: 0)
System memory in use before: 123.8 MB.
System memory in use after: 123.8 MB.

Unloading 4 unused Assets to reduce memory usage. Loaded Objects now: 1610.
Total: 2.849294 ms (FindLiveObjects: 0.340096 ms CreateObjectMapping: 0.056477 ms MarkObjects: 2.424913 ms  DeleteObjects: 0.025522 ms)

========================================================================
Received Import Request.
  Time since last request: 16.857258 seconds.
  path: Assets/Scripts/Coins.cs
  artifactKey: Guid(f2083015cfec14df0bfd7ba1c19b1d47) Importer(815301076,1909f56bfc062723c751e8b465ee728b)
Start importing Assets/Scripts/Coins.cs using Guid(f2083015cfec14df0bfd7ba1c19b1d47) Importer(815301076,1909f56bfc062723c751e8b465ee728b)  -> (artifact id: '325a577f6cd2c5f46244f89871ec8e95') in 0.007300 seconds
  Import took 0.010432 seconds .

========================================================================
Received Prepare
Registering precompiled user dll's ...
Registered in 0.000432 seconds.
Begin MonoManager ReloadAssembly
Native extension for OSXStandalone target not found
Refreshing native plugins compatible for Editor in 0.27 ms, found 1 plugins.
Preloading 0 native plugins for Editor in 0.00 ms.
Mono: successfully reloaded assembly
- Completed reload, in  1.291 seconds
Platform modules already initialized, skipping
Refreshing native plugins compatible for Editor in 0.27 ms, found 1 plugins.
Preloading 0 native plugins for Editor in 0.00 ms.
Unloading 1114 Unused Serialized files (Serialized files now loaded: 0)
System memory in use before: 124.0 MB.
System memory in use after: 124.0 MB.

Unloading 4 unused Assets to reduce memory usage. Loaded Objects now: 1613.
Total: 2.041471 ms (FindLiveObjects: 0.217734 ms CreateObjectMapping: 0.040505 ms MarkObjects: 1.758089 ms  DeleteObjects: 0.022637 ms)

========================================================================
Received Prepare
Registering precompiled user dll's ...
Registered in 0.000536 seconds.
Begin MonoManager ReloadAssembly
Native extension for OSXStandalone target not found
Refreshing native plugins compatible for Editor in 0.23 ms, found 1 plugins.
Preloading 0 native plugins for Editor in 0.00 ms.
Mono: successfully reloaded assembly
- Completed reload, in  1.273 seconds
Platform modules already initialized, skipping
Refreshing native plugins compatible for Editor in 0.23 ms, found 1 plugins.
Preloading 0 native plugins for Editor in 0.00 ms.
Unloading 1114 Unused Serialized files (Serialized files now loaded: 0)
System memory in use before: 124.1 MB.
System memory in use after: 124.2 MB.

Unloading 4 unused Assets to reduce memory usage. Loaded Objects now: 1616.
Total: 1.873308 ms (FindLiveObjects: 0.310488 ms CreateObjectMapping: 0.057854 ms MarkObjects: 1.485399 ms  DeleteObjects: 0.018025 ms)

========================================================================
Received Prepare
Registering precompiled user dll's ...
Registered in 0.000396 seconds.
Begin MonoManager ReloadAssembly
Native extension for OSXStandalone target not found
Refreshing native plugins compatible for Editor in 0.44 ms, found 1 plugins.
Preloading 0 native plugins for Editor in 0.00 ms.
Mono: successfully reloaded assembly
- Completed reload, in  1.494 seconds
Platform modules already initialized, skipping
Refreshing native plugins compatible for Editor in 0.27 ms, found 1 plugins.
Preloading 0 native plugins for Editor in 0.00 ms.
Unloading 1114 Unused Serialized files (Serialized files now loaded: 0)
System memory in use before: 124.3 MB.
System memory in use after: 124.4 MB.

Unloading 4 unused Assets to reduce memory usage. Loaded Objects now: 1619.
Total: 2.731806 ms (FindLiveObjects: 0.303790 ms CreateObjectMapping: 0.069360 ms MarkObjects: 2.338757 ms  DeleteObjects: 0.017610 ms)

========================================================================
Received Prepare
Registering precompiled user dll's ...
Registered in 0.000458 seconds.
Begin MonoManager ReloadAssembly
Native extension for OSXStandalone target not found
Refreshing native plugins compatible for Editor in 0.43 ms, found 1 plugins.
Preloading 0 native plugins for Editor in 0.00 ms.
Mono: successfully reloaded assembly
- Completed reload, in  1.244 seconds
Platform modules already initialized, skipping
Refreshing native plugins compatible for Editor in 0.34 ms, found 1 plugins.
Preloading 0 native plugins for Editor in 0.00 ms.
Unloading 1114 Unused Serialized files (Serialized files now loaded: 0)
System memory in use before: 124.5 MB.
System memory in use after: 124.6 MB.

Unloading 4 unused Assets to reduce memory usage. Loaded Objects now: 1622.
Total: 6.259402 ms (FindLiveObjects: 1.779464 ms CreateObjectMapping: 0.485367 ms MarkObjects: 3.972720 ms  DeleteObjects: 0.019438 ms)

========================================================================
Received Prepare
Registering precompiled user dll's ...
Registered in 0.000465 seconds.
Begin MonoManager ReloadAssembly
Native extension for OSXStandalone target not found
Refreshing native plugins compatible for Editor in 0.23 ms, found 1 plugins.
Preloading 0 native plugins for Editor in 0.00 ms.
Mono: successfully reloaded assembly
- Completed reload, in  1.476 seconds
Platform modules already initialized, skipping
Refreshing native plugins compatible for Editor in 0.30 ms, found 1 plugins.
Preloading 0 native plugins for Editor in 0.00 ms.
Unloading 1114 Unused Serialized files (Serialized files now loaded: 0)
System memory in use before: 124.7 MB.
System memory in use after: 124.8 MB.

Unloading 4 unused Assets to reduce memory usage. Loaded Objects now: 1625.
Total: 3.365501 ms (FindLiveObjects: 0.421860 ms CreateObjectMapping: 0.139581 ms MarkObjects: 2.782584 ms  DeleteObjects: 0.018627 ms)

========================================================================
Received Prepare
Registering precompiled user dll's ...
Registered in 0.000436 seconds.
Begin MonoManager ReloadAssembly
Native extension for OSXStandalone target not found
Refreshing native plugins compatible for Editor in 0.25 ms, found 1 plugins.
Preloading 0 native plugins for Editor in 0.00 ms.
Mono: successfully reloaded assembly
- Completed reload, in  1.398 seconds
Platform modules already initialized, skipping
Refreshing native plugins compatible for Editor in 0.30 ms, found 1 plugins.
Preloading 0 native plugins for Editor in 0.00 ms.
Unloading 1114 Unused Serialized files (Serialized files now loaded: 0)
System memory in use before: 124.9 MB.
System memory in use after: 124.9 MB.

Unloading 4 unused Assets to reduce memory usage. Loaded Objects now: 1628.
Total: 2.506839 ms (FindLiveObjects: 0.195254 ms CreateObjectMapping: 0.036894 ms MarkObjects: 2.252633 ms  DeleteObjects: 0.019087 ms)

========================================================================
Received Prepare
Registering precompiled user dll's ...
Registered in 0.000459 seconds.
Begin MonoManager ReloadAssembly
Native extension for OSXStandalone target not found
Refreshing native plugins compatible for Editor in 0.27 ms, found 1 plugins.
Preloading 0 native plugins for Editor in 0.00 ms.
Mono: successfully reloaded assembly
- Completed reload, in  1.614 seconds
Platform modules already initialized, skipping
Refreshing native plugins compatible for Editor in 0.30 ms, found 1 plugins.
Preloading 0 native plugins for Editor in 0.00 ms.
Unloading 1114 Unused Serialized files (Serialized files now loaded: 0)
System memory in use before: 125.0 MB.
System memory in use after: 125.1 MB.

Unloading 4 unused Assets to reduce memory usage. Loaded Objects now: 1631.
Total: 4.049532 ms (FindLiveObjects: 0.452321 ms CreateObjectMapping: 0.142453 ms MarkObjects: 3.421727 ms  DeleteObjects: 0.030644 ms)

